{"/Users/vikas/Documents/200156157_NCSU/DevOPS/workshops/TestGeneration/TestGeneration/test.js":{"path":"/Users/vikas/Documents/200156157_NCSU/DevOPS/workshops/TestGeneration/TestGeneration/test.js","s":{"1":1,"2":1,"3":1,"4":1,"5":1,"6":1,"7":1,"8":1,"9":1,"10":1,"11":1,"12":1,"13":1,"14":1,"15":1,"16":1,"17":1,"18":1,"19":1,"20":1,"21":1,"22":1,"23":1,"24":1,"25":1,"26":1,"27":1,"28":1,"29":1,"30":1,"31":1,"32":1,"33":1,"34":1,"35":1,"36":1,"37":1,"38":1,"39":1,"40":1,"41":1,"42":1,"43":1,"44":1,"45":1,"46":1,"47":1,"48":1,"49":1,"50":1,"51":1,"52":1,"53":1,"54":1,"55":1,"56":1,"57":1,"58":1,"59":1,"60":1,"61":1,"62":1,"63":1,"64":1,"65":1,"66":1,"67":1,"68":1,"69":1,"70":1,"71":1,"72":1,"73":1,"74":1,"75":1,"76":1,"77":1,"78":1,"79":1,"80":1,"81":1,"82":1,"83":1,"84":1,"85":1,"86":1,"87":1,"88":1,"89":1,"90":1,"91":1,"92":1,"93":1,"94":1,"95":1,"96":1,"97":1,"98":1,"99":1,"100":1,"101":1,"102":1,"103":1,"104":1,"105":1,"106":1,"107":1,"108":1,"109":1,"110":1,"111":1,"112":1,"113":1,"114":1,"115":1,"116":1,"117":1,"118":1,"119":1,"120":1,"121":1,"122":1,"123":1,"124":1,"125":1,"126":0,"127":1,"128":1,"129":1,"130":1,"131":1,"132":1,"133":1,"134":0,"135":1,"136":1,"137":1,"138":1,"139":1,"140":1,"141":1,"142":1,"143":1,"144":1,"145":1,"146":1,"147":1,"148":1,"149":1,"150":1,"151":1,"152":1,"153":1,"154":1,"155":1,"156":1,"157":1,"158":0,"159":1,"160":1,"161":1,"162":1,"163":1,"164":1,"165":1,"166":0,"167":1,"168":1,"169":1,"170":1,"171":1,"172":1,"173":1,"174":1,"175":1,"176":1,"177":1,"178":1,"179":1,"180":1,"181":1,"182":1,"183":1,"184":1,"185":1,"186":1,"187":1,"188":1,"189":1,"190":1,"191":1,"192":1,"193":1,"194":1,"195":1,"196":1,"197":1,"198":1,"199":1,"200":1,"201":1,"202":1,"203":1,"204":1,"205":1,"206":1,"207":1,"208":1,"209":1,"210":1,"211":1,"212":1,"213":1,"214":1,"215":1,"216":1,"217":1,"218":1,"219":1,"220":1,"221":1,"222":1,"223":1,"224":1,"225":1,"226":1,"227":1,"228":1,"229":1,"230":1,"231":1,"232":1,"233":1,"234":1,"235":1,"236":1,"237":1,"238":1,"239":1,"240":1,"241":1,"242":1,"243":1,"244":1,"245":1,"246":1,"247":1,"248":1,"249":1,"250":1,"251":1,"252":1},"b":{},"f":{},"fnMap":{},"statementMap":{"1":{"start":{"line":1,"column":0},"end":{"line":1,"column":120}},"2":{"start":{"line":2,"column":0},"end":{"line":2,"column":30}},"3":{"start":{"line":3,"column":0},"end":{"line":3,"column":43}},"4":{"start":{"line":3,"column":6},"end":{"line":3,"column":28}},"5":{"start":{"line":4,"column":0},"end":{"line":4,"column":43}},"6":{"start":{"line":4,"column":6},"end":{"line":4,"column":28}},"7":{"start":{"line":5,"column":0},"end":{"line":5,"column":42}},"8":{"start":{"line":5,"column":6},"end":{"line":5,"column":27}},"9":{"start":{"line":6,"column":0},"end":{"line":6,"column":42}},"10":{"start":{"line":6,"column":6},"end":{"line":6,"column":27}},"11":{"start":{"line":7,"column":0},"end":{"line":7,"column":55}},"12":{"start":{"line":7,"column":6},"end":{"line":7,"column":40}},"13":{"start":{"line":8,"column":0},"end":{"line":8,"column":57}},"14":{"start":{"line":8,"column":6},"end":{"line":8,"column":42}},"15":{"start":{"line":9,"column":0},"end":{"line":9,"column":57}},"16":{"start":{"line":9,"column":6},"end":{"line":9,"column":42}},"17":{"start":{"line":10,"column":0},"end":{"line":10,"column":57}},"18":{"start":{"line":10,"column":6},"end":{"line":10,"column":42}},"19":{"start":{"line":11,"column":0},"end":{"line":11,"column":59}},"20":{"start":{"line":11,"column":6},"end":{"line":11,"column":44}},"21":{"start":{"line":12,"column":0},"end":{"line":12,"column":57}},"22":{"start":{"line":12,"column":6},"end":{"line":12,"column":42}},"23":{"start":{"line":13,"column":0},"end":{"line":13,"column":55}},"24":{"start":{"line":13,"column":6},"end":{"line":13,"column":40}},"25":{"start":{"line":14,"column":0},"end":{"line":14,"column":57}},"26":{"start":{"line":14,"column":6},"end":{"line":14,"column":42}},"27":{"start":{"line":15,"column":0},"end":{"line":15,"column":57}},"28":{"start":{"line":15,"column":6},"end":{"line":15,"column":42}},"29":{"start":{"line":16,"column":0},"end":{"line":16,"column":57}},"30":{"start":{"line":16,"column":6},"end":{"line":16,"column":42}},"31":{"start":{"line":17,"column":0},"end":{"line":17,"column":59}},"32":{"start":{"line":17,"column":6},"end":{"line":17,"column":44}},"33":{"start":{"line":18,"column":0},"end":{"line":18,"column":57}},"34":{"start":{"line":18,"column":6},"end":{"line":18,"column":42}},"35":{"start":{"line":19,"column":0},"end":{"line":19,"column":55}},"36":{"start":{"line":19,"column":6},"end":{"line":19,"column":40}},"37":{"start":{"line":20,"column":0},"end":{"line":20,"column":57}},"38":{"start":{"line":20,"column":6},"end":{"line":20,"column":42}},"39":{"start":{"line":21,"column":0},"end":{"line":21,"column":57}},"40":{"start":{"line":21,"column":6},"end":{"line":21,"column":42}},"41":{"start":{"line":22,"column":0},"end":{"line":22,"column":57}},"42":{"start":{"line":22,"column":6},"end":{"line":22,"column":42}},"43":{"start":{"line":23,"column":0},"end":{"line":23,"column":59}},"44":{"start":{"line":23,"column":6},"end":{"line":23,"column":44}},"45":{"start":{"line":24,"column":0},"end":{"line":24,"column":57}},"46":{"start":{"line":24,"column":6},"end":{"line":24,"column":42}},"47":{"start":{"line":25,"column":0},"end":{"line":25,"column":55}},"48":{"start":{"line":25,"column":6},"end":{"line":25,"column":40}},"49":{"start":{"line":26,"column":0},"end":{"line":26,"column":57}},"50":{"start":{"line":26,"column":6},"end":{"line":26,"column":42}},"51":{"start":{"line":27,"column":0},"end":{"line":27,"column":57}},"52":{"start":{"line":27,"column":6},"end":{"line":27,"column":42}},"53":{"start":{"line":28,"column":0},"end":{"line":28,"column":57}},"54":{"start":{"line":28,"column":6},"end":{"line":28,"column":42}},"55":{"start":{"line":29,"column":0},"end":{"line":29,"column":59}},"56":{"start":{"line":29,"column":6},"end":{"line":29,"column":44}},"57":{"start":{"line":30,"column":0},"end":{"line":30,"column":57}},"58":{"start":{"line":30,"column":6},"end":{"line":30,"column":42}},"59":{"start":{"line":31,"column":0},"end":{"line":31,"column":56}},"60":{"start":{"line":31,"column":6},"end":{"line":31,"column":41}},"61":{"start":{"line":32,"column":0},"end":{"line":32,"column":58}},"62":{"start":{"line":32,"column":6},"end":{"line":32,"column":43}},"63":{"start":{"line":33,"column":0},"end":{"line":33,"column":58}},"64":{"start":{"line":33,"column":6},"end":{"line":33,"column":43}},"65":{"start":{"line":34,"column":0},"end":{"line":34,"column":58}},"66":{"start":{"line":34,"column":6},"end":{"line":34,"column":43}},"67":{"start":{"line":35,"column":0},"end":{"line":35,"column":60}},"68":{"start":{"line":35,"column":6},"end":{"line":35,"column":45}},"69":{"start":{"line":36,"column":0},"end":{"line":36,"column":58}},"70":{"start":{"line":36,"column":6},"end":{"line":36,"column":43}},"71":{"start":{"line":37,"column":0},"end":{"line":37,"column":56}},"72":{"start":{"line":37,"column":6},"end":{"line":37,"column":41}},"73":{"start":{"line":38,"column":0},"end":{"line":38,"column":58}},"74":{"start":{"line":38,"column":6},"end":{"line":38,"column":43}},"75":{"start":{"line":39,"column":0},"end":{"line":39,"column":58}},"76":{"start":{"line":39,"column":6},"end":{"line":39,"column":43}},"77":{"start":{"line":40,"column":0},"end":{"line":40,"column":58}},"78":{"start":{"line":40,"column":6},"end":{"line":40,"column":43}},"79":{"start":{"line":41,"column":0},"end":{"line":41,"column":60}},"80":{"start":{"line":41,"column":6},"end":{"line":41,"column":45}},"81":{"start":{"line":42,"column":0},"end":{"line":42,"column":58}},"82":{"start":{"line":42,"column":6},"end":{"line":42,"column":43}},"83":{"start":{"line":43,"column":0},"end":{"line":43,"column":56}},"84":{"start":{"line":43,"column":6},"end":{"line":43,"column":41}},"85":{"start":{"line":44,"column":0},"end":{"line":44,"column":58}},"86":{"start":{"line":44,"column":6},"end":{"line":44,"column":43}},"87":{"start":{"line":45,"column":0},"end":{"line":45,"column":58}},"88":{"start":{"line":45,"column":6},"end":{"line":45,"column":43}},"89":{"start":{"line":46,"column":0},"end":{"line":46,"column":58}},"90":{"start":{"line":46,"column":6},"end":{"line":46,"column":43}},"91":{"start":{"line":47,"column":0},"end":{"line":47,"column":60}},"92":{"start":{"line":47,"column":6},"end":{"line":47,"column":45}},"93":{"start":{"line":48,"column":0},"end":{"line":48,"column":58}},"94":{"start":{"line":48,"column":6},"end":{"line":48,"column":43}},"95":{"start":{"line":49,"column":0},"end":{"line":49,"column":56}},"96":{"start":{"line":49,"column":6},"end":{"line":49,"column":41}},"97":{"start":{"line":50,"column":0},"end":{"line":50,"column":58}},"98":{"start":{"line":50,"column":6},"end":{"line":50,"column":43}},"99":{"start":{"line":51,"column":0},"end":{"line":51,"column":58}},"100":{"start":{"line":51,"column":6},"end":{"line":51,"column":43}},"101":{"start":{"line":52,"column":0},"end":{"line":52,"column":58}},"102":{"start":{"line":52,"column":6},"end":{"line":52,"column":43}},"103":{"start":{"line":53,"column":0},"end":{"line":53,"column":60}},"104":{"start":{"line":53,"column":6},"end":{"line":53,"column":45}},"105":{"start":{"line":54,"column":0},"end":{"line":54,"column":58}},"106":{"start":{"line":54,"column":6},"end":{"line":54,"column":43}},"107":{"start":{"line":55,"column":0},"end":{"line":59,"column":13}},"108":{"start":{"line":56,"column":1},"end":{"line":56,"column":152}},"109":{"start":{"line":57,"column":2},"end":{"line":57,"column":43}},"110":{"start":{"line":58,"column":1},"end":{"line":58,"column":16}},"111":{"start":{"line":60,"column":0},"end":{"line":64,"column":13}},"112":{"start":{"line":61,"column":1},"end":{"line":61,"column":65}},"113":{"start":{"line":62,"column":2},"end":{"line":62,"column":43}},"114":{"start":{"line":63,"column":1},"end":{"line":63,"column":16}},"115":{"start":{"line":65,"column":0},"end":{"line":69,"column":13}},"116":{"start":{"line":66,"column":1},"end":{"line":66,"column":96}},"117":{"start":{"line":67,"column":2},"end":{"line":67,"column":43}},"118":{"start":{"line":68,"column":1},"end":{"line":68,"column":16}},"119":{"start":{"line":70,"column":0},"end":{"line":74,"column":13}},"120":{"start":{"line":71,"column":1},"end":{"line":71,"column":10}},"121":{"start":{"line":72,"column":2},"end":{"line":72,"column":43}},"122":{"start":{"line":73,"column":1},"end":{"line":73,"column":16}},"123":{"start":{"line":75,"column":0},"end":{"line":79,"column":13}},"124":{"start":{"line":76,"column":1},"end":{"line":76,"column":152}},"125":{"start":{"line":77,"column":2},"end":{"line":77,"column":46}},"126":{"start":{"line":78,"column":1},"end":{"line":78,"column":16}},"127":{"start":{"line":80,"column":0},"end":{"line":84,"column":13}},"128":{"start":{"line":81,"column":1},"end":{"line":81,"column":65}},"129":{"start":{"line":82,"column":2},"end":{"line":82,"column":46}},"130":{"start":{"line":83,"column":1},"end":{"line":83,"column":16}},"131":{"start":{"line":85,"column":0},"end":{"line":89,"column":13}},"132":{"start":{"line":86,"column":1},"end":{"line":86,"column":96}},"133":{"start":{"line":87,"column":2},"end":{"line":87,"column":46}},"134":{"start":{"line":88,"column":1},"end":{"line":88,"column":16}},"135":{"start":{"line":90,"column":0},"end":{"line":94,"column":13}},"136":{"start":{"line":91,"column":1},"end":{"line":91,"column":10}},"137":{"start":{"line":92,"column":2},"end":{"line":92,"column":46}},"138":{"start":{"line":93,"column":1},"end":{"line":93,"column":16}},"139":{"start":{"line":95,"column":0},"end":{"line":99,"column":13}},"140":{"start":{"line":96,"column":1},"end":{"line":96,"column":152}},"141":{"start":{"line":97,"column":2},"end":{"line":97,"column":46}},"142":{"start":{"line":98,"column":1},"end":{"line":98,"column":16}},"143":{"start":{"line":100,"column":0},"end":{"line":104,"column":13}},"144":{"start":{"line":101,"column":1},"end":{"line":101,"column":65}},"145":{"start":{"line":102,"column":2},"end":{"line":102,"column":46}},"146":{"start":{"line":103,"column":1},"end":{"line":103,"column":16}},"147":{"start":{"line":105,"column":0},"end":{"line":109,"column":13}},"148":{"start":{"line":106,"column":1},"end":{"line":106,"column":96}},"149":{"start":{"line":107,"column":2},"end":{"line":107,"column":46}},"150":{"start":{"line":108,"column":1},"end":{"line":108,"column":16}},"151":{"start":{"line":110,"column":0},"end":{"line":114,"column":13}},"152":{"start":{"line":111,"column":1},"end":{"line":111,"column":10}},"153":{"start":{"line":112,"column":2},"end":{"line":112,"column":46}},"154":{"start":{"line":113,"column":1},"end":{"line":113,"column":16}},"155":{"start":{"line":115,"column":0},"end":{"line":119,"column":13}},"156":{"start":{"line":116,"column":1},"end":{"line":116,"column":152}},"157":{"start":{"line":117,"column":2},"end":{"line":117,"column":49}},"158":{"start":{"line":118,"column":1},"end":{"line":118,"column":16}},"159":{"start":{"line":120,"column":0},"end":{"line":124,"column":13}},"160":{"start":{"line":121,"column":1},"end":{"line":121,"column":65}},"161":{"start":{"line":122,"column":2},"end":{"line":122,"column":49}},"162":{"start":{"line":123,"column":1},"end":{"line":123,"column":16}},"163":{"start":{"line":125,"column":0},"end":{"line":129,"column":13}},"164":{"start":{"line":126,"column":1},"end":{"line":126,"column":96}},"165":{"start":{"line":127,"column":2},"end":{"line":127,"column":49}},"166":{"start":{"line":128,"column":1},"end":{"line":128,"column":16}},"167":{"start":{"line":130,"column":0},"end":{"line":134,"column":13}},"168":{"start":{"line":131,"column":1},"end":{"line":131,"column":10}},"169":{"start":{"line":132,"column":2},"end":{"line":132,"column":49}},"170":{"start":{"line":133,"column":1},"end":{"line":133,"column":16}},"171":{"start":{"line":135,"column":0},"end":{"line":139,"column":13}},"172":{"start":{"line":136,"column":1},"end":{"line":136,"column":152}},"173":{"start":{"line":137,"column":2},"end":{"line":137,"column":52}},"174":{"start":{"line":138,"column":1},"end":{"line":138,"column":16}},"175":{"start":{"line":140,"column":0},"end":{"line":144,"column":13}},"176":{"start":{"line":141,"column":1},"end":{"line":141,"column":65}},"177":{"start":{"line":142,"column":2},"end":{"line":142,"column":52}},"178":{"start":{"line":143,"column":1},"end":{"line":143,"column":16}},"179":{"start":{"line":145,"column":0},"end":{"line":149,"column":13}},"180":{"start":{"line":146,"column":1},"end":{"line":146,"column":96}},"181":{"start":{"line":147,"column":2},"end":{"line":147,"column":52}},"182":{"start":{"line":148,"column":1},"end":{"line":148,"column":16}},"183":{"start":{"line":150,"column":0},"end":{"line":154,"column":13}},"184":{"start":{"line":151,"column":1},"end":{"line":151,"column":10}},"185":{"start":{"line":152,"column":2},"end":{"line":152,"column":52}},"186":{"start":{"line":153,"column":1},"end":{"line":153,"column":16}},"187":{"start":{"line":155,"column":0},"end":{"line":159,"column":13}},"188":{"start":{"line":156,"column":1},"end":{"line":156,"column":152}},"189":{"start":{"line":157,"column":2},"end":{"line":157,"column":55}},"190":{"start":{"line":158,"column":1},"end":{"line":158,"column":16}},"191":{"start":{"line":160,"column":0},"end":{"line":164,"column":13}},"192":{"start":{"line":161,"column":1},"end":{"line":161,"column":65}},"193":{"start":{"line":162,"column":2},"end":{"line":162,"column":55}},"194":{"start":{"line":163,"column":1},"end":{"line":163,"column":16}},"195":{"start":{"line":165,"column":0},"end":{"line":169,"column":13}},"196":{"start":{"line":166,"column":1},"end":{"line":166,"column":96}},"197":{"start":{"line":167,"column":2},"end":{"line":167,"column":55}},"198":{"start":{"line":168,"column":1},"end":{"line":168,"column":16}},"199":{"start":{"line":170,"column":0},"end":{"line":174,"column":13}},"200":{"start":{"line":171,"column":1},"end":{"line":171,"column":10}},"201":{"start":{"line":172,"column":2},"end":{"line":172,"column":55}},"202":{"start":{"line":173,"column":1},"end":{"line":173,"column":16}},"203":{"start":{"line":175,"column":0},"end":{"line":179,"column":13}},"204":{"start":{"line":176,"column":1},"end":{"line":176,"column":152}},"205":{"start":{"line":177,"column":2},"end":{"line":177,"column":52}},"206":{"start":{"line":178,"column":1},"end":{"line":178,"column":16}},"207":{"start":{"line":180,"column":0},"end":{"line":184,"column":13}},"208":{"start":{"line":181,"column":1},"end":{"line":181,"column":65}},"209":{"start":{"line":182,"column":2},"end":{"line":182,"column":52}},"210":{"start":{"line":183,"column":1},"end":{"line":183,"column":16}},"211":{"start":{"line":185,"column":0},"end":{"line":189,"column":13}},"212":{"start":{"line":186,"column":1},"end":{"line":186,"column":96}},"213":{"start":{"line":187,"column":2},"end":{"line":187,"column":52}},"214":{"start":{"line":188,"column":1},"end":{"line":188,"column":16}},"215":{"start":{"line":190,"column":0},"end":{"line":194,"column":13}},"216":{"start":{"line":191,"column":1},"end":{"line":191,"column":10}},"217":{"start":{"line":192,"column":2},"end":{"line":192,"column":52}},"218":{"start":{"line":193,"column":1},"end":{"line":193,"column":16}},"219":{"start":{"line":195,"column":0},"end":{"line":199,"column":13}},"220":{"start":{"line":196,"column":1},"end":{"line":196,"column":152}},"221":{"start":{"line":197,"column":2},"end":{"line":197,"column":55}},"222":{"start":{"line":198,"column":1},"end":{"line":198,"column":16}},"223":{"start":{"line":200,"column":0},"end":{"line":204,"column":13}},"224":{"start":{"line":201,"column":1},"end":{"line":201,"column":65}},"225":{"start":{"line":202,"column":2},"end":{"line":202,"column":55}},"226":{"start":{"line":203,"column":1},"end":{"line":203,"column":16}},"227":{"start":{"line":205,"column":0},"end":{"line":209,"column":13}},"228":{"start":{"line":206,"column":1},"end":{"line":206,"column":96}},"229":{"start":{"line":207,"column":2},"end":{"line":207,"column":55}},"230":{"start":{"line":208,"column":1},"end":{"line":208,"column":16}},"231":{"start":{"line":210,"column":0},"end":{"line":214,"column":13}},"232":{"start":{"line":211,"column":1},"end":{"line":211,"column":10}},"233":{"start":{"line":212,"column":2},"end":{"line":212,"column":55}},"234":{"start":{"line":213,"column":1},"end":{"line":213,"column":16}},"235":{"start":{"line":215,"column":0},"end":{"line":215,"column":43}},"236":{"start":{"line":215,"column":6},"end":{"line":215,"column":28}},"237":{"start":{"line":216,"column":0},"end":{"line":216,"column":57}},"238":{"start":{"line":216,"column":6},"end":{"line":216,"column":42}},"239":{"start":{"line":217,"column":0},"end":{"line":217,"column":73}},"240":{"start":{"line":217,"column":6},"end":{"line":217,"column":58}},"241":{"start":{"line":218,"column":0},"end":{"line":218,"column":74}},"242":{"start":{"line":218,"column":6},"end":{"line":218,"column":59}},"243":{"start":{"line":219,"column":0},"end":{"line":219,"column":57}},"244":{"start":{"line":219,"column":6},"end":{"line":219,"column":42}},"245":{"start":{"line":220,"column":0},"end":{"line":220,"column":73}},"246":{"start":{"line":220,"column":6},"end":{"line":220,"column":58}},"247":{"start":{"line":221,"column":0},"end":{"line":221,"column":74}},"248":{"start":{"line":221,"column":6},"end":{"line":221,"column":59}},"249":{"start":{"line":222,"column":0},"end":{"line":222,"column":61}},"250":{"start":{"line":222,"column":6},"end":{"line":222,"column":46}},"251":{"start":{"line":223,"column":0},"end":{"line":223,"column":61}},"252":{"start":{"line":223,"column":6},"end":{"line":223,"column":46}}},"branchMap":{}},"/Users/vikas/Documents/200156157_NCSU/DevOPS/workshops/TestGeneration/TestGeneration/mystery.js":{"path":"/Users/vikas/Documents/200156157_NCSU/DevOPS/workshops/TestGeneration/TestGeneration/mystery.js","s":{"1":1,"2":1,"3":4,"4":2,"5":4,"6":2,"7":4,"8":1,"9":48,"10":12,"11":36,"12":18,"13":3,"14":15,"15":3,"16":18,"17":15,"18":27,"19":1,"20":32,"21":16,"22":16,"23":16,"24":8,"25":8,"26":6,"27":2,"28":1,"29":1,"30":1,"31":7,"32":1,"33":8,"34":6,"35":8,"36":74,"37":8,"38":1,"39":2,"40":2,"41":2,"42":1,"43":1,"44":1,"45":1,"46":1,"47":1,"48":1,"49":1},"b":{"1":[2,2],"2":[2,2],"3":[12,36],"4":[48,24],"5":[18,18],"6":[3,15],"7":[3,12],"8":[15,3],"9":[16,16],"10":[8,8],"11":[6,2],"12":[1,1],"13":[6,2],"14":[8,6],"15":[1,1]},"f":{"1":4,"2":48,"3":32,"4":7,"5":8,"6":2},"fnMap":{"1":{"name":"inc","line":3,"loc":{"start":{"line":3,"column":0},"end":{"line":3,"column":18}}},"2":{"name":"weird","line":12,"loc":{"start":{"line":12,"column":0},"end":{"line":13,"column":0}}},"3":{"name":"fileTest","line":40,"loc":{"start":{"line":40,"column":0},"end":{"line":41,"column":0}}},"4":{"name":"normalize","line":64,"loc":{"start":{"line":64,"column":0},"end":{"line":64,"column":32}}},"5":{"name":"format","line":73,"loc":{"start":{"line":73,"column":0},"end":{"line":74,"column":0}}},"6":{"name":"blackListNumber","line":88,"loc":{"start":{"line":88,"column":0},"end":{"line":89,"column":0}}}},"statementMap":{"1":{"start":{"line":1,"column":0},"end":{"line":1,"column":23}},"2":{"start":{"line":3,"column":0},"end":{"line":10,"column":1}},"3":{"start":{"line":4,"column":3},"end":{"line":4,"column":22}},"4":{"start":{"line":4,"column":17},"end":{"line":4,"column":22}},"5":{"start":{"line":5,"column":3},"end":{"line":8,"column":4}},"6":{"start":{"line":7,"column":4},"end":{"line":7,"column":11}},"7":{"start":{"line":9,"column":3},"end":{"line":9,"column":18}},"8":{"start":{"line":12,"column":0},"end":{"line":37,"column":1}},"9":{"start":{"line":14,"column":4},"end":{"line":35,"column":5}},"10":{"start":{"line":16,"column":8},"end":{"line":16,"column":15}},"11":{"start":{"line":18,"column":9},"end":{"line":35,"column":5}},"12":{"start":{"line":20,"column":8},"end":{"line":27,"column":9}},"13":{"start":{"line":22,"column":12},"end":{"line":22,"column":21}},"14":{"start":{"line":24,"column":13},"end":{"line":27,"column":9}},"15":{"start":{"line":26,"column":12},"end":{"line":26,"column":21}},"16":{"start":{"line":31,"column":8},"end":{"line":34,"column":9}},"17":{"start":{"line":33,"column":12},"end":{"line":33,"column":29}},"18":{"start":{"line":36,"column":4},"end":{"line":36,"column":13}},"19":{"start":{"line":40,"column":0},"end":{"line":62,"column":1}},"20":{"start":{"line":42,"column":1},"end":{"line":45,"column":5}},"21":{"start":{"line":44,"column":8},"end":{"line":44,"column":21}},"22":{"start":{"line":47,"column":4},"end":{"line":47,"column":37}},"23":{"start":{"line":48,"column":4},"end":{"line":51,"column":5}},"24":{"start":{"line":50,"column":8},"end":{"line":50,"column":21}},"25":{"start":{"line":53,"column":3},"end":{"line":61,"column":2}},"26":{"start":{"line":55,"column":2},"end":{"line":55,"column":46}},"27":{"start":{"line":56,"column":2},"end":{"line":59,"column":3}},"28":{"start":{"line":58,"column":3},"end":{"line":58,"column":15}},"29":{"start":{"line":60,"column":2},"end":{"line":60,"column":15}},"30":{"start":{"line":64,"column":0},"end":{"line":71,"column":1}},"31":{"start":{"line":66,"column":4},"end":{"line":69,"column":6}},"32":{"start":{"line":73,"column":0},"end":{"line":86,"column":1}},"33":{"start":{"line":76,"column":4},"end":{"line":78,"column":5}},"34":{"start":{"line":77,"column":6},"end":{"line":77,"column":42}},"35":{"start":{"line":80,"column":4},"end":{"line":82,"column":5}},"36":{"start":{"line":81,"column":6},"end":{"line":81,"column":63}},"37":{"start":{"line":84,"column":4},"end":{"line":84,"column":24}},"38":{"start":{"line":88,"column":0},"end":{"line":97,"column":1}},"39":{"start":{"line":90,"column":1},"end":{"line":90,"column":49}},"40":{"start":{"line":91,"column":1},"end":{"line":91,"column":31}},"41":{"start":{"line":92,"column":1},"end":{"line":95,"column":2}},"42":{"start":{"line":94,"column":2},"end":{"line":94,"column":14}},"43":{"start":{"line":96,"column":1},"end":{"line":96,"column":14}},"44":{"start":{"line":99,"column":0},"end":{"line":99,"column":28}},"45":{"start":{"line":100,"column":0},"end":{"line":100,"column":30}},"46":{"start":{"line":101,"column":0},"end":{"line":101,"column":24}},"47":{"start":{"line":102,"column":0},"end":{"line":102,"column":18}},"48":{"start":{"line":103,"column":0},"end":{"line":103,"column":22}},"49":{"start":{"line":104,"column":0},"end":{"line":104,"column":42}}},"branchMap":{"1":{"line":4,"type":"if","locations":[{"start":{"line":4,"column":3},"end":{"line":4,"column":3}},{"start":{"line":4,"column":3},"end":{"line":4,"column":3}}]},"2":{"line":5,"type":"if","locations":[{"start":{"line":5,"column":3},"end":{"line":5,"column":3}},{"start":{"line":5,"column":3},"end":{"line":5,"column":3}}]},"3":{"line":14,"type":"if","locations":[{"start":{"line":14,"column":4},"end":{"line":14,"column":4}},{"start":{"line":14,"column":4},"end":{"line":14,"column":4}}]},"4":{"line":14,"type":"binary-expr","locations":[{"start":{"line":14,"column":8},"end":{"line":14,"column":14}},{"start":{"line":14,"column":18},"end":{"line":14,"column":24}}]},"5":{"line":18,"type":"if","locations":[{"start":{"line":18,"column":9},"end":{"line":18,"column":9}},{"start":{"line":18,"column":9},"end":{"line":18,"column":9}}]},"6":{"line":20,"type":"if","locations":[{"start":{"line":20,"column":8},"end":{"line":20,"column":8}},{"start":{"line":20,"column":8},"end":{"line":20,"column":8}}]},"7":{"line":24,"type":"if","locations":[{"start":{"line":24,"column":13},"end":{"line":24,"column":13}},{"start":{"line":24,"column":13},"end":{"line":24,"column":13}}]},"8":{"line":31,"type":"if","locations":[{"start":{"line":31,"column":8},"end":{"line":31,"column":8}},{"start":{"line":31,"column":8},"end":{"line":31,"column":8}}]},"9":{"line":42,"type":"if","locations":[{"start":{"line":42,"column":1},"end":{"line":42,"column":1}},{"start":{"line":42,"column":1},"end":{"line":42,"column":1}}]},"10":{"line":48,"type":"if","locations":[{"start":{"line":48,"column":4},"end":{"line":48,"column":4}},{"start":{"line":48,"column":4},"end":{"line":48,"column":4}}]},"11":{"line":53,"type":"if","locations":[{"start":{"line":53,"column":3},"end":{"line":53,"column":3}},{"start":{"line":53,"column":3},"end":{"line":53,"column":3}}]},"12":{"line":56,"type":"if","locations":[{"start":{"line":56,"column":2},"end":{"line":56,"column":2}},{"start":{"line":56,"column":2},"end":{"line":56,"column":2}}]},"13":{"line":76,"type":"if","locations":[{"start":{"line":76,"column":4},"end":{"line":76,"column":4}},{"start":{"line":76,"column":4},"end":{"line":76,"column":4}}]},"14":{"line":76,"type":"binary-expr","locations":[{"start":{"line":76,"column":8},"end":{"line":76,"column":16}},{"start":{"line":76,"column":20},"end":{"line":76,"column":38}}]},"15":{"line":92,"type":"if","locations":[{"start":{"line":92,"column":1},"end":{"line":92,"column":1}},{"start":{"line":92,"column":1},"end":{"line":92,"column":1}}]}}}}