TN:
SF:/Users/vikas/Documents/200156157_NCSU/DevOPS/workshops/TestGeneration/TestGeneration/test.js
FNF:0
FNH:0
DA:1,1
DA:2,1
DA:3,1
DA:4,1
DA:5,1
DA:6,1
DA:7,1
DA:8,1
DA:9,1
DA:10,1
DA:11,1
DA:12,1
DA:13,1
DA:14,1
DA:15,1
DA:16,1
DA:17,1
DA:18,1
DA:19,1
DA:20,1
DA:21,1
DA:22,1
DA:23,1
DA:24,1
DA:25,1
DA:26,1
DA:27,1
DA:28,1
DA:29,1
DA:30,1
DA:31,1
DA:32,1
DA:33,1
DA:34,1
DA:35,1
DA:36,1
DA:37,1
DA:38,1
DA:39,1
DA:40,1
DA:41,1
DA:42,1
DA:43,1
DA:44,1
DA:45,1
DA:46,1
DA:47,1
DA:48,1
DA:49,1
DA:50,1
DA:51,1
DA:52,1
DA:53,1
DA:54,1
DA:55,1
DA:56,1
DA:57,1
DA:58,1
DA:60,1
DA:61,1
DA:62,1
DA:63,1
DA:65,1
DA:66,1
DA:67,1
DA:68,1
DA:70,1
DA:71,1
DA:72,1
DA:73,1
DA:75,1
DA:76,1
DA:77,1
DA:78,0
DA:80,1
DA:81,1
DA:82,1
DA:83,1
DA:85,1
DA:86,1
DA:87,1
DA:88,0
DA:90,1
DA:91,1
DA:92,1
DA:93,1
DA:95,1
DA:96,1
DA:97,1
DA:98,1
DA:100,1
DA:101,1
DA:102,1
DA:103,1
DA:105,1
DA:106,1
DA:107,1
DA:108,1
DA:110,1
DA:111,1
DA:112,1
DA:113,1
DA:115,1
DA:116,1
DA:117,1
DA:118,0
DA:120,1
DA:121,1
DA:122,1
DA:123,1
DA:125,1
DA:126,1
DA:127,1
DA:128,0
DA:130,1
DA:131,1
DA:132,1
DA:133,1
DA:135,1
DA:136,1
DA:137,1
DA:138,1
DA:140,1
DA:141,1
DA:142,1
DA:143,1
DA:145,1
DA:146,1
DA:147,1
DA:148,1
DA:150,1
DA:151,1
DA:152,1
DA:153,1
DA:155,1
DA:156,1
DA:157,1
DA:158,1
DA:160,1
DA:161,1
DA:162,1
DA:163,1
DA:165,1
DA:166,1
DA:167,1
DA:168,1
DA:170,1
DA:171,1
DA:172,1
DA:173,1
DA:175,1
DA:176,1
DA:177,1
DA:178,1
DA:180,1
DA:181,1
DA:182,1
DA:183,1
DA:185,1
DA:186,1
DA:187,1
DA:188,1
DA:190,1
DA:191,1
DA:192,1
DA:193,1
DA:195,1
DA:196,1
DA:197,1
DA:198,1
DA:200,1
DA:201,1
DA:202,1
DA:203,1
DA:205,1
DA:206,1
DA:207,1
DA:208,1
DA:210,1
DA:211,1
DA:212,1
DA:213,1
DA:215,1
DA:216,1
DA:217,1
DA:218,1
DA:219,1
DA:220,1
DA:221,1
DA:222,1
DA:223,1
LF:191
LH:187
BRF:0
BRH:0
end_of_record
TN:
SF:/Users/vikas/Documents/200156157_NCSU/DevOPS/workshops/TestGeneration/TestGeneration/mystery.js
FN:3,inc
FN:12,weird
FN:40,fileTest
FN:64,normalize
FN:73,format
FN:88,blackListNumber
FNF:6
FNH:6
FNDA:4,inc
FNDA:48,weird
FNDA:32,fileTest
FNDA:7,normalize
FNDA:8,format
FNDA:2,blackListNumber
DA:1,1
DA:3,1
DA:4,4
DA:5,4
DA:7,2
DA:9,4
DA:12,1
DA:14,48
DA:16,12
DA:18,36
DA:20,18
DA:22,3
DA:24,15
DA:26,3
DA:31,18
DA:33,15
DA:36,27
DA:40,1
DA:42,32
DA:44,16
DA:47,16
DA:48,16
DA:50,8
DA:53,8
DA:55,6
DA:56,2
DA:58,1
DA:60,1
DA:64,1
DA:66,7
DA:73,1
DA:76,8
DA:77,6
DA:80,8
DA:81,74
DA:84,8
DA:88,1
DA:90,2
DA:91,2
DA:92,2
DA:94,1
DA:96,1
DA:99,1
DA:100,1
DA:101,1
DA:102,1
DA:103,1
DA:104,1
LF:48
LH:48
BRDA:4,1,0,2
BRDA:4,1,1,2
BRDA:5,2,0,2
BRDA:5,2,1,2
BRDA:14,3,0,12
BRDA:14,3,1,36
BRDA:14,4,0,48
BRDA:14,4,1,24
BRDA:18,5,0,18
BRDA:18,5,1,18
BRDA:20,6,0,3
BRDA:20,6,1,15
BRDA:24,7,0,3
BRDA:24,7,1,12
BRDA:31,8,0,15
BRDA:31,8,1,3
BRDA:42,9,0,16
BRDA:42,9,1,16
BRDA:48,10,0,8
BRDA:48,10,1,8
BRDA:53,11,0,6
BRDA:53,11,1,2
BRDA:56,12,0,1
BRDA:56,12,1,1
BRDA:76,13,0,6
BRDA:76,13,1,2
BRDA:76,14,0,8
BRDA:76,14,1,6
BRDA:92,15,0,1
BRDA:92,15,1,1
BRF:30
BRH:30
end_of_record
